\BOOKMARK [0][-]{chapter*.2}{\376\377\000I\000n\000t\000r\000o\000d\000u\000c\000t\000i\000o\000n}{}% 1
\BOOKMARK [1][-]{section.0.1}{\376\377\000C\000N\000I\000E\000G}{chapter*.2}% 2
\BOOKMARK [1][-]{section.0.2}{\376\377\000\311\000q\000u\000i\000p\000e\000s\000\040\000d\000e\000\040\000t\000r\000a\000v\000a\000i\000l}{chapter*.2}% 3
\BOOKMARK [1][-]{section.0.3}{\376\377\000M\000\351\000t\000h\000o\000d\000o\000l\000o\000g\000i\000e\000\040\000d\000e\000\040\000t\000r\000a\000v\000a\000i\000l}{chapter*.2}% 4
\BOOKMARK [2][-]{subsection.0.3.1}{\376\377\000P\000r\000o\000c\000e\000s\000s\000u\000s\000\040\000d\000e\000\040\000d\000\351\000v\000e\000l\000o\000p\000p\000e\000m\000e\000n\000t}{section.0.3}% 5
\BOOKMARK [0][-]{chapter*.3}{\376\377\000C\000o\000n\000t\000e\000x\000t\000e\000\040\000d\000u\000\040\000p\000r\000o\000j\000e\000t}{}% 6
\BOOKMARK [0][-]{chapter*.4}{\376\377\000T\000r\000a\000v\000a\000i\000l\000\040\000r\000\351\000a\000l\000i\000s\000\351}{}% 7
\BOOKMARK [1][-]{section.0.1}{\376\377\000T\000e\000c\000h\000n\000o\000l\000o\000g\000i\000e\000s\000\040\000u\000t\000i\000l\000i\000s\000\351\000e\000s}{chapter*.4}% 8
\BOOKMARK [1][-]{section.0.2}{\376\377\000A\000r\000c\000h\000i\000t\000e\000c\000t\000u\000r\000e}{chapter*.4}% 9
\BOOKMARK [2][-]{subsection.0.2.1}{\376\377\000M\000i\000s\000e\000\040\000e\000n\000\040\000p\000l\000a\000c\000e}{section.0.2}% 10
\BOOKMARK [2][-]{subsection.0.2.2}{\376\377\000P\000a\000r\000t\000i\000e\000\040\000f\000r\000o\000n\000t\000e\000n\000d}{section.0.2}% 11
\BOOKMARK [2][-]{subsection.0.2.3}{\376\377\000P\000a\000r\000t\000i\000e\000\040\000b\000a\000c\000k\000e\000n\000d}{section.0.2}% 12
\BOOKMARK [3][-]{section*.7}{\376\377\0002\000.\0002\000.\0001\000\040\000D\000i\000a\000g\000r\000a\000m\000m\000e\000\040\000d\000e\000s\000\040\000c\000a\000s\000\040\000d\000'\000u\000t\000i\000l\000i\000s\000a\000t\000i\000o\000n}{subsection.0.2.3}% 13
\BOOKMARK [3][-]{section*.9}{\376\377\0002\000.\0002\000.\0002\000\040\000D\000i\000a\000g\000r\000a\000m\000m\000e\000\040\000d\000'\000a\000c\000t\000i\000v\000i\000t\000\351}{subsection.0.2.3}% 14
\BOOKMARK [3][-]{section*.11}{\376\377\0002\000.\0002\000.\0003\000\040\000D\000i\000a\000g\000r\000a\000m\000m\000e\000\040\000d\000e\000\040\000c\000l\000a\000s\000s\000e}{subsection.0.2.3}% 15
\BOOKMARK [3][-]{section*.13}{\376\377\0002\000.\0002\000.\0004\000\040\000C\000h\000o\000i\000x\000\040\000t\000e\000c\000h\000n\000i\000q\000u\000e\000s\000\040\000e\000t\000\040\000i\000m\000p\000l\000\351\000m\000e\000n\000t\000a\000t\000i\000o\000n}{subsection.0.2.3}% 16
\BOOKMARK [0][-]{chapter*.19}{\376\377\000B\000i\000l\000a\000n\000,\000\040\000c\000o\000n\000c\000l\000u\000s\000i\000o\000n\000\040\000e\000t\000\040\000p\000e\000r\000s\000p\000e\000c\000t\000i\000v\000e}{}% 17
\BOOKMARK [0][-]{chapter*.20}{\376\377\000G\000l\000o\000s\000s\000a\000i\000r\000e}{}% 18
\BOOKMARK [0][-]{chapter*.20}{\376\377\000T\000a\000b\000l\000e\000\040\000d\000e\000s\000\040\000f\000i\000g\000u\000r\000e\000s}{}% 19
\BOOKMARK [0][-]{chapter*.20}{\376\377\000B\000i\000b\000l\000i\000o\000g\000r\000a\000p\000h\000i\000e}{}% 20
\BOOKMARK [0][-]{chapter*.22}{\376\377\000A\000n\000n\000e\000x\000e\000s}{}% 21
