This is pdfTeX, Version 3.141592653-2.6-1.40.24 (TeX Live 2022) (preloaded format=pdflatex 2024.5.23)  31 MAY 2024 09:32
entering extended mode
 restricted \write18 enabled.
 file:line:error style messages enabled.
 %&-line parsing enabled.
**/Users/aminaboudjedir/Documents/Latex/rapport_stage_2024/AminaBOUDJEDIR_rapport_Stage.tex
(/Users/aminaboudjedir/Documents/Latex/rapport_stage_2024/AminaBOUDJEDIR_rapport_Stage.tex
LaTeX2e <2021-11-15> patch level 1
L3 programming layer <2022-02-24> (/usr/local/texlive/2022/texmf-dist/tex/latex/base/report.cls
Document Class: report 2021/10/04 v1.4n Standard LaTeX document class
(/usr/local/texlive/2022/texmf-dist/tex/latex/base/size12.clo
File: size12.clo 2021/10/04 v1.4n Standard LaTeX file (size option)
)
\c@part=\count185
\c@chapter=\count186
\c@section=\count187
\c@subsection=\count188
\c@subsubsection=\count189
\c@paragraph=\count190
\c@subparagraph=\count191
\c@figure=\count192
\c@table=\count193
\abovecaptionskip=\skip47
\belowcaptionskip=\skip48
\bibindent=\dimen138
) (/usr/local/texlive/2022/texmf-dist/tex/latex/base/inputenc.sty
Package: inputenc 2021/02/14 v1.3d Input encoding file
\inpenc@prehook=\toks16
\inpenc@posthook=\toks17
) (/usr/local/texlive/2022/texmf-dist/tex/latex/base/fontenc.sty
Package: fontenc 2021/04/29 v2.0v Standard LaTeX package
) (/usr/local/texlive/2022/texmf-dist/tex/generic/babel/babel.sty
Package: babel 2022/02/26 3.73 The Babel package
\babel@savecnt=\count194
\U@D=\dimen139
\l@unhyphenated=\language87
 (/usr/local/texlive/2022/texmf-dist/tex/generic/babel/txtbabel.def)
\bbl@readstream=\read2
\bbl@dirlevel=\count195
 (/usr/local/texlive/2022/texmf-dist/tex/generic/babel-french/french.ldf
Language: french 2021/07/20 v3.5m French support from the babel system
Package babel Info: Hyphen rules for 'acadian' set to \l@french
(babel)             (\language29). Reported on input line 91.
Package babel Info: Hyphen rules for 'canadien' set to \l@french
(babel)             (\language29). Reported on input line 92.
\FB@nonchar=\count196
Package babel Info: Making : an active character on input line 430.
Package babel Info: Making ; an active character on input line 431.
Package babel Info: Making ! an active character on input line 432.
Package babel Info: Making ? an active character on input line 433.
\FBguill@level=\count197
\FBold@everypar=\toks18
\FB@Mht=\dimen140
\mc@charclass=\count198
\mc@charfam=\count199
\mc@charslot=\count266
\std@mcc=\count267
\dec@mcc=\count268
\listindentFB=\dimen141
\descindentFB=\dimen142
\labelindentFB=\dimen143
\labelwidthFB=\dimen144
\leftmarginFB=\dimen145
\parindentFFN=\dimen146
\FBfnindent=\dimen147
)) (/usr/local/texlive/2022/texmf-dist/tex/latex/carlisle/scalefnt.sty) (/usr/local/texlive/2022/texmf-dist/tex/latex/graphics/keyval.sty
Package: keyval 2014/10/28 v1.15 key=value parser (DPC)
\KV@toks@=\toks19
) (/usr/local/texlive/2022/texmf-dist/tex/latex/microtype/microtype.sty
Package: microtype 2022/03/14 v3.0d Micro-typographical refinements (RS)
 (/usr/local/texlive/2022/texmf-dist/tex/latex/etoolbox/etoolbox.sty
Package: etoolbox 2020/10/05 v2.5k e-TeX tools for LaTeX (JAW)
\etb@tempcnta=\count269
)
\MT@toks=\toks20
\MT@tempbox=\box50
\MT@count=\count270
LaTeX Info: Redefining \noprotrusionifhmode on input line 1027.
LaTeX Info: Redefining \leftprotrusion on input line 1028.
LaTeX Info: Redefining \rightprotrusion on input line 1036.
LaTeX Info: Redefining \textls on input line 1195.
\MT@outer@kern=\dimen148
LaTeX Info: Redefining \textmicrotypecontext on input line 1781.
\MT@listname@count=\count271
 (/usr/local/texlive/2022/texmf-dist/tex/latex/microtype/microtype-pdftex.def
File: microtype-pdftex.def 2022/03/14 v3.0d Definitions specific to pdftex (RS)
LaTeX Info: Redefining \lsstyle on input line 900.
LaTeX Info: Redefining \lslig on input line 900.
\MT@outer@space=\skip49
)
Package microtype Info: Loading configuration file microtype.cfg.
 (/usr/local/texlive/2022/texmf-dist/tex/latex/microtype/microtype.cfg
File: microtype.cfg 2022/03/14 v3.0d microtype main configuration file (RS)
)) (/usr/local/texlive/2022/texmf-dist/tex/latex/geometry/geometry.sty
Package: geometry 2020/01/02 v5.9 Page Geometry
 (/usr/local/texlive/2022/texmf-dist/tex/generic/iftex/ifvtex.sty
Package: ifvtex 2019/10/25 v1.7 ifvtex legacy package. Use iftex instead.
 (/usr/local/texlive/2022/texmf-dist/tex/generic/iftex/iftex.sty
Package: iftex 2022/02/03 v1.0f TeX engine tests
))
\Gm@cnth=\count272
\Gm@cntv=\count273
\c@Gm@tempcnt=\count274
\Gm@bindingoffset=\dimen149
\Gm@wd@mp=\dimen150
\Gm@odd@mp=\dimen151
\Gm@even@mp=\dimen152
\Gm@layoutwidth=\dimen153
\Gm@layoutheight=\dimen154
\Gm@layouthoffset=\dimen155
\Gm@layoutvoffset=\dimen156
\Gm@dimlist=\toks21
) (/usr/local/texlive/2022/texmf-dist/tex/latex/caption/caption.sty
Package: caption 2022/03/01 v3.6b Customizing captions (AR)
 (/usr/local/texlive/2022/texmf-dist/tex/latex/caption/caption3.sty
Package: caption3 2022/03/17 v2.3b caption3 kernel (AR)
\caption@tempdima=\dimen157
\captionmargin=\dimen158
\caption@leftmargin=\dimen159
\caption@rightmargin=\dimen160
\caption@width=\dimen161
\caption@indent=\dimen162
\caption@parindent=\dimen163
\caption@hangindent=\dimen164
Package caption Info: Standard document class detected.
Package caption Info: french babel package is loaded.
)
\c@caption@flags=\count275
\c@continuedfloat=\count276
) (/usr/local/texlive/2022/texmf-dist/tex/latex/setspace/setspace.sty
Package: setspace 2011/12/19 v6.7a set line spacing
) (/usr/local/texlive/2022/texmf-dist/tex/latex/graphics/graphicx.sty
Package: graphicx 2021/09/16 v1.2d Enhanced LaTeX Graphics (DPC,SPQR)
 (/usr/local/texlive/2022/texmf-dist/tex/latex/graphics/graphics.sty
Package: graphics 2021/03/04 v1.4d Standard LaTeX Graphics (DPC,SPQR)
 (/usr/local/texlive/2022/texmf-dist/tex/latex/graphics/trig.sty
Package: trig 2021/08/11 v1.11 sin cos tan (DPC)
) (/usr/local/texlive/2022/texmf-dist/tex/latex/graphics-cfg/graphics.cfg
File: graphics.cfg 2016/06/04 v1.11 sample graphics configuration
)
Package graphics Info: Driver file: pdftex.def on input line 107.
 (/usr/local/texlive/2022/texmf-dist/tex/latex/graphics-def/pdftex.def
File: pdftex.def 2020/10/05 v1.2a Graphics/color driver for pdftex
))
\Gin@req@height=\dimen165
\Gin@req@width=\dimen166
) (/usr/local/texlive/2022/texmf-dist/tex/latex/hyperref/hyperref.sty
Package: hyperref 2022-02-21 v7.00n Hypertext links for LaTeX
 (/usr/local/texlive/2022/texmf-dist/tex/generic/ltxcmds/ltxcmds.sty
Package: ltxcmds 2020-05-10 v1.25 LaTeX kernel commands for general use (HO)
) (/usr/local/texlive/2022/texmf-dist/tex/generic/pdftexcmds/pdftexcmds.sty
Package: pdftexcmds 2020-06-27 v0.33 Utility functions of pdfTeX for LuaTeX (HO)
 (/usr/local/texlive/2022/texmf-dist/tex/generic/infwarerr/infwarerr.sty
Package: infwarerr 2019/12/03 v1.5 Providing info/warning/error messages (HO)
)
Package pdftexcmds Info: \pdf@primitive is available.
Package pdftexcmds Info: \pdf@ifprimitive is available.
Package pdftexcmds Info: \pdfdraftmode found.
) (/usr/local/texlive/2022/texmf-dist/tex/generic/kvsetkeys/kvsetkeys.sty
Package: kvsetkeys 2019/12/15 v1.18 Key value parser (HO)
) (/usr/local/texlive/2022/texmf-dist/tex/generic/kvdefinekeys/kvdefinekeys.sty
Package: kvdefinekeys 2019-12-19 v1.6 Define keys (HO)
) (/usr/local/texlive/2022/texmf-dist/tex/generic/pdfescape/pdfescape.sty
Package: pdfescape 2019/12/09 v1.15 Implements pdfTeX's escape features (HO)
) (/usr/local/texlive/2022/texmf-dist/tex/latex/hycolor/hycolor.sty
Package: hycolor 2020-01-27 v1.10 Color options for hyperref/bookmark (HO)
) (/usr/local/texlive/2022/texmf-dist/tex/latex/letltxmacro/letltxmacro.sty
Package: letltxmacro 2019/12/03 v1.6 Let assignment for LaTeX macros (HO)
) (/usr/local/texlive/2022/texmf-dist/tex/latex/auxhook/auxhook.sty
Package: auxhook 2019-12-17 v1.6 Hooks for auxiliary files (HO)
) (/usr/local/texlive/2022/texmf-dist/tex/latex/kvoptions/kvoptions.sty
Package: kvoptions 2020-10-07 v3.14 Key value format for package options (HO)
)
\@linkdim=\dimen167
\Hy@linkcounter=\count277
\Hy@pagecounter=\count278
 (/usr/local/texlive/2022/texmf-dist/tex/latex/hyperref/pd1enc.def
File: pd1enc.def 2022-02-21 v7.00n Hyperref: PDFDocEncoding definition (HO)
Now handling font encoding PD1 ...
... no UTF-8 mapping file for font encoding PD1
) (/usr/local/texlive/2022/texmf-dist/tex/generic/intcalc/intcalc.sty
Package: intcalc 2019/12/15 v1.3 Expandable calculations with integers (HO)
) (/usr/local/texlive/2022/texmf-dist/tex/generic/etexcmds/etexcmds.sty
Package: etexcmds 2019/12/15 v1.7 Avoid name clashes with e-TeX commands (HO)
)
\Hy@SavedSpaceFactor=\count279
 (/usr/local/texlive/2022/texmf-dist/tex/latex/hyperref/puenc.def
File: puenc.def 2022-02-21 v7.00n Hyperref: PDF Unicode definition (HO)
Now handling font encoding PU ...
... no UTF-8 mapping file for font encoding PU
)
Package hyperref Info: Hyper figures OFF on input line 4137.
Package hyperref Info: Link nesting OFF on input line 4142.
Package hyperref Info: Hyper index ON on input line 4145.
Package hyperref Info: Plain pages OFF on input line 4152.
Package hyperref Info: Backreferencing OFF on input line 4157.
Package hyperref Info: Implicit mode ON; LaTeX internals redefined.
Package hyperref Info: Bookmarks ON on input line 4390.
\c@Hy@tempcnt=\count280
 (/usr/local/texlive/2022/texmf-dist/tex/latex/url/url.sty
\Urlmuskip=\muskip16
Package: url 2013/09/16  ver 3.4  Verb mode for urls, etc.
)
LaTeX Info: Redefining \url on input line 4749.
\XeTeXLinkMargin=\dimen168
 (/usr/local/texlive/2022/texmf-dist/tex/generic/bitset/bitset.sty
Package: bitset 2019/12/09 v1.3 Handle bit-vector datatype (HO)
 (/usr/local/texlive/2022/texmf-dist/tex/generic/bigintcalc/bigintcalc.sty
Package: bigintcalc 2019/12/15 v1.5 Expandable calculations on big integers (HO)
))
\Fld@menulength=\count281
\Field@Width=\dimen169
\Fld@charsize=\dimen170
Package hyperref Info: Hyper figures OFF on input line 6027.
Package hyperref Info: Link nesting OFF on input line 6032.
Package hyperref Info: Hyper index ON on input line 6035.
Package hyperref Info: backreferencing OFF on input line 6042.
Package hyperref Info: Link coloring OFF on input line 6047.
Package hyperref Info: Link coloring with OCG OFF on input line 6052.
Package hyperref Info: PDF/A mode OFF on input line 6057.
LaTeX Info: Redefining \ref on input line 6097.
LaTeX Info: Redefining \pageref on input line 6101.
 (/usr/local/texlive/2022/texmf-dist/tex/latex/base/atbegshi-ltx.sty
Package: atbegshi-ltx 2021/01/10 v1.0c Emulation of the original atbegshi
package with kernel methods
)
\Hy@abspage=\count282
\c@Item=\count283
\c@Hfootnote=\count284
)
Package hyperref Info: Driver (autodetected): hpdftex.
 (/usr/local/texlive/2022/texmf-dist/tex/latex/hyperref/hpdftex.def
File: hpdftex.def 2022-02-21 v7.00n Hyperref driver for pdfTeX
 (/usr/local/texlive/2022/texmf-dist/tex/latex/base/atveryend-ltx.sty
Package: atveryend-ltx 2020/08/19 v1.0a Emulation of the original atveryend package
with kernel methods
)
\Fld@listcount=\count285
\c@bookmark@seq@number=\count286
 (/usr/local/texlive/2022/texmf-dist/tex/latex/rerunfilecheck/rerunfilecheck.sty
Package: rerunfilecheck 2019/12/05 v1.9 Rerun checks for auxiliary files (HO)
 (/usr/local/texlive/2022/texmf-dist/tex/generic/uniquecounter/uniquecounter.sty
Package: uniquecounter 2019/12/15 v1.4 Provide unlimited unique counter (HO)
)
Package uniquecounter Info: New unique counter `rerunfilecheck' on input line 286.
)
\Hy@SectionHShift=\skip50
) (/usr/local/texlive/2022/texmf-dist/tex/latex/lipsum/lipsum.sty (/usr/local/texlive/2022/texmf-dist/tex/latex/l3packages/l3keys2e/l3keys2e.sty (/usr/local/texlive/2022/texmf-dist/tex/latex/l3kernel/expl3.sty
Package: expl3 2022-02-24 L3 programming layer (loader) 
 (/usr/local/texlive/2022/texmf-dist/tex/latex/l3backend/l3backend-pdftex.def
File: l3backend-pdftex.def 2022-02-07 L3 backend support: PDF output (pdfTeX)
\l__color_backend_stack_int=\count287
\l__pdf_internal_box=\box51
))
Package: l3keys2e 2022-01-12 LaTeX2e option processing using LaTeX3 keys
)
Package: lipsum 2021-09-20 v2.7 150 paragraphs of Lorem Ipsum dummy text
\g__lipsum_par_int=\count288
\l__lipsum_a_int=\count289
\l__lipsum_b_int=\count290
 (/usr/local/texlive/2022/texmf-dist/tex/latex/lipsum/lipsum.ltd.tex)) (/usr/local/texlive/2022/texmf-dist/tex/latex/tocloft/tocloft.sty
Package: tocloft 2017/08/31 v2.3i parameterised ToC, etc., typesetting
Package tocloft Info: The document has chapter divisions on input line 51.
\cftparskip=\skip51
\cftbeforetoctitleskip=\skip52
\cftaftertoctitleskip=\skip53
\cftbeforepartskip=\skip54
\cftpartnumwidth=\skip55
\cftpartindent=\skip56
\cftbeforechapskip=\skip57
\cftchapindent=\skip58
\cftchapnumwidth=\skip59
\cftbeforesecskip=\skip60
\cftsecindent=\skip61
\cftsecnumwidth=\skip62
\cftbeforesubsecskip=\skip63
\cftsubsecindent=\skip64
\cftsubsecnumwidth=\skip65
\cftbeforesubsubsecskip=\skip66
\cftsubsubsecindent=\skip67
\cftsubsubsecnumwidth=\skip68
\cftbeforeparaskip=\skip69
\cftparaindent=\skip70
\cftparanumwidth=\skip71
\cftbeforesubparaskip=\skip72
\cftsubparaindent=\skip73
\cftsubparanumwidth=\skip74
\cftbeforeloftitleskip=\skip75
\cftafterloftitleskip=\skip76
\cftbeforefigskip=\skip77
\cftfigindent=\skip78
\cftfignumwidth=\skip79
\c@lofdepth=\count291
\c@lotdepth=\count292
\cftbeforelottitleskip=\skip80
\cftafterlottitleskip=\skip81
\cftbeforetabskip=\skip82
\cfttabindent=\skip83
\cfttabnumwidth=\skip84
) (/usr/local/texlive/2022/texmf-dist/tex/latex/chngcntr/chngcntr.sty
Package: chngcntr 2018/04/09 v1.1a change counter resetting
Package chngcntr Info: \counterwithout already defined.
(chngcntr)             Quitting chngcntr on input line 21.
) (/usr/local/texlive/2022/texmf-dist/tex/latex/enumitem/enumitem.sty
Package: enumitem 2019/06/20 v3.9 Customized lists
\labelindent=\skip85
\enit@outerparindent=\dimen171
\enit@toks=\toks22
\enit@inbox=\box52
\enit@count@id=\count293
\enitdp@description=\count294
) (/usr/local/texlive/2022/texmf-dist/tex/latex/csquotes/csquotes.sty
Package: csquotes 2021-02-22 v5.2l context-sensitive quotations (JAW)
\csq@reset=\count295
\csq@gtype=\count296
\csq@glevel=\count297
\csq@qlevel=\count298
\csq@maxlvl=\count299
\csq@tshold=\count300
\csq@ltx@everypar=\toks23
 (/usr/local/texlive/2022/texmf-dist/tex/latex/csquotes/csquotes.def
File: csquotes.def 2021-02-22 v5.2l csquotes generic definitions (JAW)
)
Package csquotes Info: Trying to load configuration file 'csquotes.cfg'...
Package csquotes Info: ... configuration file loaded successfully.
 (/usr/local/texlive/2022/texmf-dist/tex/latex/csquotes/csquotes.cfg
File: csquotes.cfg 
)) (/usr/local/texlive/2022/texmf-dist/tex/latex/biblatex/biblatex.sty
Package: biblatex 2022/02/02 v3.17 programmable bibliographies (PK/MW)
 (/usr/local/texlive/2022/texmf-dist/tex/latex/logreq/logreq.sty
Package: logreq 2010/08/04 v1.0 xml request logger
\lrq@indent=\count301
 (/usr/local/texlive/2022/texmf-dist/tex/latex/logreq/logreq.def
File: logreq.def 2010/08/04 v1.0 logreq spec v1.0
)) (/usr/local/texlive/2022/texmf-dist/tex/latex/base/ifthen.sty
Package: ifthen 2020/11/24 v1.1c Standard LaTeX ifthen package (DPC)
)
\c@tabx@nest=\count302
\c@listtotal=\count303
\c@listcount=\count304
\c@liststart=\count305
\c@liststop=\count306
\c@citecount=\count307
\c@citetotal=\count308
\c@multicitecount=\count309
\c@multicitetotal=\count310
\c@instcount=\count311
\c@maxnames=\count312
\c@minnames=\count313
\c@maxitems=\count314
\c@minitems=\count315
\c@citecounter=\count316
\c@maxcitecounter=\count317
\c@savedcitecounter=\count318
\c@uniquelist=\count319
\c@uniquename=\count320
\c@refsection=\count321
\c@refsegment=\count322
\c@maxextratitle=\count323
\c@maxextratitleyear=\count324
\c@maxextraname=\count325
\c@maxextradate=\count326
\c@maxextraalpha=\count327
\c@abbrvpenalty=\count328
\c@highnamepenalty=\count329
\c@lownamepenalty=\count330
\c@maxparens=\count331
\c@parenlevel=\count332
\blx@tempcnta=\count333
\blx@tempcntb=\count334
\blx@tempcntc=\count335
\c@blx@maxsection=\count336
\c@blx@maxsegment@0=\count337
\blx@notetype=\count338
\blx@parenlevel@text=\count339
\blx@parenlevel@foot=\count340
\c@blx@sectionciteorder@0=\count341
\blx@entrysetcounter=\count342
\blx@biblioinstance=\count343
\labelnumberwidth=\skip86
\labelalphawidth=\skip87
\biblabelsep=\skip88
\bibitemsep=\skip89
\bibnamesep=\skip90
\bibinitsep=\skip91
\bibparsep=\skip92
\bibhang=\skip93
\blx@bcfin=\read3
\blx@bcfout=\write3
\blx@langwohyphens=\language88
\c@mincomprange=\count344
\c@maxcomprange=\count345
\c@mincompwidth=\count346
Package biblatex Info: Trying to load biblatex default data model...
Package biblatex Info: ... file 'blx-dm.def' found.
 (/usr/local/texlive/2022/texmf-dist/tex/latex/biblatex/blx-dm.def
File: blx-dm.def 2022/02/02 v3.17 biblatex localization (PK/MW)
)
Package biblatex Info: Trying to load biblatex style data model...
Package biblatex Info: ... file 'numeric.dbx' not found.
Package biblatex Info: Trying to load biblatex custom data model...
Package biblatex Info: ... file 'biblatex-dm.cfg' not found.
\c@afterword=\count347
\c@savedafterword=\count348
\c@annotator=\count349
\c@savedannotator=\count350
\c@author=\count351
\c@savedauthor=\count352
\c@bookauthor=\count353
\c@savedbookauthor=\count354
\c@commentator=\count355
\c@savedcommentator=\count356
\c@editor=\count357
\c@savededitor=\count358
\c@editora=\count359
\c@savededitora=\count360
\c@editorb=\count361
\c@savededitorb=\count362
\c@editorc=\count363
\c@savededitorc=\count364
\c@foreword=\count365
\c@savedforeword=\count366
\c@holder=\count367
\c@savedholder=\count368
\c@introduction=\count369
\c@savedintroduction=\count370
\c@namea=\count371
\c@savednamea=\count372
\c@nameb=\count373
\c@savednameb=\count374
\c@namec=\count375
\c@savednamec=\count376
\c@translator=\count377
\c@savedtranslator=\count378
\c@shortauthor=\count379
\c@savedshortauthor=\count380
\c@shorteditor=\count381
\c@savedshorteditor=\count382
\c@labelname=\count383
\c@savedlabelname=\count384
\c@institution=\count385
\c@savedinstitution=\count386
\c@lista=\count387
\c@savedlista=\count388
\c@listb=\count389
\c@savedlistb=\count390
\c@listc=\count391
\c@savedlistc=\count392
\c@listd=\count393
\c@savedlistd=\count394
\c@liste=\count395
\c@savedliste=\count396
\c@listf=\count397
\c@savedlistf=\count398
\c@location=\count399
\c@savedlocation=\count400
\c@organization=\count401
\c@savedorganization=\count402
\c@origlocation=\count403
\c@savedoriglocation=\count404
\c@origpublisher=\count405
\c@savedorigpublisher=\count406
\c@publisher=\count407
\c@savedpublisher=\count408
\c@language=\count409
\c@savedlanguage=\count410
\c@origlanguage=\count411
\c@savedoriglanguage=\count412
\c@pageref=\count413
\c@savedpageref=\count414
\shorthandwidth=\skip94
\shortjournalwidth=\skip95
\shortserieswidth=\skip96
\shorttitlewidth=\skip97
\shortauthorwidth=\skip98
\shorteditorwidth=\skip99
\locallabelnumberwidth=\skip100
\locallabelalphawidth=\skip101
\localshorthandwidth=\skip102
\localshortjournalwidth=\skip103
\localshortserieswidth=\skip104
\localshorttitlewidth=\skip105
\localshortauthorwidth=\skip106
\localshorteditorwidth=\skip107
Package biblatex Info: Trying to load compatibility code...
Package biblatex Info: ... file 'blx-compat.def' found.
 (/usr/local/texlive/2022/texmf-dist/tex/latex/biblatex/blx-compat.def
File: blx-compat.def 2022/02/02 v3.17 biblatex compatibility (PK/MW)
)
Package biblatex Info: Trying to load generic definitions...
Package biblatex Info: ... file 'biblatex.def' found.
 (/usr/local/texlive/2022/texmf-dist/tex/latex/biblatex/biblatex.def
File: biblatex.def 2022/02/02 v3.17 biblatex compatibility (PK/MW)
\c@textcitecount=\count415
\c@textcitetotal=\count416
\c@textcitemaxnames=\count417
\c@biburlbigbreakpenalty=\count418
\c@biburlbreakpenalty=\count419
\c@biburlnumpenalty=\count420
\c@biburlucpenalty=\count421
\c@biburllcpenalty=\count422
\biburlbigskip=\muskip17
\biburlnumskip=\muskip18
\biburlucskip=\muskip19
\biburllcskip=\muskip20
\c@smartand=\count423
)
Package biblatex Info: Trying to load bibliography style 'numeric'...
Package biblatex Info: ... file 'numeric.bbx' found.
 (/usr/local/texlive/2022/texmf-dist/tex/latex/biblatex/bbx/numeric.bbx
File: numeric.bbx 2022/02/02 v3.17 biblatex bibliography style (PK/MW)
Package biblatex Info: Trying to load bibliography style 'standard'...
Package biblatex Info: ... file 'standard.bbx' found.
 (/usr/local/texlive/2022/texmf-dist/tex/latex/biblatex/bbx/standard.bbx
File: standard.bbx 2022/02/02 v3.17 biblatex bibliography style (PK/MW)
\c@bbx:relatedcount=\count424
\c@bbx:relatedtotal=\count425
))
Package biblatex Info: Trying to load citation style 'numeric'...
Package biblatex Info: ... file 'numeric.cbx' found.
 (/usr/local/texlive/2022/texmf-dist/tex/latex/biblatex/cbx/numeric.cbx
File: numeric.cbx 2022/02/02 v3.17 biblatex citation style (PK/MW)
Package biblatex Info: Redefining '\cite'.
Package biblatex Info: Redefining '\parencite'.
Package biblatex Info: Redefining '\footcite'.
Package biblatex Info: Redefining '\footcitetext'.
Package biblatex Info: Redefining '\smartcite'.
Package biblatex Info: Redefining '\supercite'.
Package biblatex Info: Redefining '\textcite'.
Package biblatex Info: Redefining '\textcites'.
Package biblatex Info: Redefining '\cites'.
Package biblatex Info: Redefining '\parencites'.
Package biblatex Info: Redefining '\smartcites'.
)
Package biblatex Info: Trying to load configuration file...
Package biblatex Info: ... file 'biblatex.cfg' found.
 (/usr/local/texlive/2022/texmf-dist/tex/latex/biblatex/biblatex.cfg
File: biblatex.cfg 
)
Package biblatex Info: Input encoding 'utf8' detected.
Package biblatex Info: Document encoding is UTF8 ....
Package biblatex Info: ... and expl3
(biblatex)             2022-02-24 L3 programming layer (loader) 
(biblatex)             is new enough (at least 2020/04/06),
(biblatex)             setting 'casechanger=expl3'.
 (/usr/local/texlive/2022/texmf-dist/tex/latex/biblatex/blx-case-expl3.sty (/usr/local/texlive/2022/texmf-dist/tex/latex/l3packages/xparse/xparse.sty
Package: xparse 2022-01-12 L3 Experimental document command parser
)
Package: blx-case-expl3 2022/02/02 v3.17 expl3 case changing code for biblatex
))
Package csquotes Info: Checking for multilingual support...
Package csquotes Info: ... found 'babel' package.
Package csquotes Info: Adjusting default style.
Package csquotes Info: Redefining alias 'default' -> 'french'.
 (./AminaBOUDJEDIR_rapport_Stage.aux (./remerciement.aux) (./introduction.aux) (./Contexte_travail.aux) (./travail_realise.aux) (./bilan_conclusion_perspective.aux) (./glossaire.aux) (./bibliographie.aux) (./annexe.aux))
\openout1 = `AminaBOUDJEDIR_rapport_Stage.aux'.

LaTeX Font Info:    Checking defaults for OML/cmm/m/it on input line 30.
LaTeX Font Info:    ... okay on input line 30.
LaTeX Font Info:    Checking defaults for OMS/cmsy/m/n on input line 30.
LaTeX Font Info:    ... okay on input line 30.
LaTeX Font Info:    Checking defaults for OT1/cmr/m/n on input line 30.
LaTeX Font Info:    ... okay on input line 30.
LaTeX Font Info:    Checking defaults for T1/cmr/m/n on input line 30.
LaTeX Font Info:    ... okay on input line 30.
LaTeX Font Info:    Checking defaults for TS1/cmr/m/n on input line 30.
LaTeX Font Info:    ... okay on input line 30.
LaTeX Font Info:    Checking defaults for OMX/cmex/m/n on input line 30.
LaTeX Font Info:    ... okay on input line 30.
LaTeX Font Info:    Checking defaults for U/cmr/m/n on input line 30.
LaTeX Font Info:    ... okay on input line 30.
LaTeX Font Info:    Checking defaults for PD1/pdf/m/n on input line 30.
LaTeX Font Info:    ... okay on input line 30.
LaTeX Font Info:    Checking defaults for PU/pdf/m/n on input line 30.
LaTeX Font Info:    ... okay on input line 30.
LaTeX Info: Redefining \degres on input line 30.
Package french.ldf Info: Setting StandardItemizeEnv=true for
(french.ldf)             compatibility with enumitem package,
(french.ldf)             reported on input line 30.
Package french.ldf Info: Setting StandardEnumerateEnv=true for
(french.ldf)             compatibility with enumitem package,
(french.ldf)             reported on input line 30.
LaTeX Info: Redefining \up on input line 30.
LaTeX Info: Redefining \microtypecontext on input line 30.
Package microtype Info: Applying patch `item' on input line 30.
Package microtype Info: Applying patch `toc' on input line 30.
Package microtype Info: Applying patch `eqnum' on input line 30.
Package microtype Info: Applying patch `footnote' on input line 30.
Package microtype Info: Generating PDF output.
Package microtype Info: Character protrusion enabled (level 2).
Package microtype Info: Using default protrusion set `alltext'.
Package microtype Info: Automatic font expansion enabled (level 2),
(microtype)             stretch: 20, shrink: 20, step: 1, non-selected.
Package microtype Info: Using default expansion set `alltext-nott'.
LaTeX Info: Redefining \showhyphens on input line 30.
Package microtype Info: No adjustment of tracking.
Package microtype Info: No adjustment of interword spacing.
Package microtype Info: No adjustment of character kerning.
 (/usr/local/texlive/2022/texmf-dist/tex/latex/microtype/mt-cmr.cfg
File: mt-cmr.cfg 2013/05/19 v2.2 microtype config. file: Computer Modern Roman (RS)
)
*geometry* driver: auto-detecting
*geometry* detected driver: pdftex
*geometry* verbose mode - [ preamble ] result:
* driver: pdftex
* paper: a4paper
* layout: <same size as paper>
* layoutoffset:(h,v)=(0.0pt,0.0pt)
* modes: 
* h-part:(L,W,R)=(56.9055pt, 483.69687pt, 56.9055pt)
* v-part:(T,H,B)=(56.9055pt, 731.23584pt, 56.9055pt)
* \paperwidth=597.50787pt
* \paperheight=845.04684pt
* \textwidth=483.69687pt
* \textheight=731.23584pt
* \oddsidemargin=-15.36449pt
* \evensidemargin=-15.36449pt
* \topmargin=-52.36449pt
* \headheight=12.0pt
* \headsep=25.0pt
* \topskip=12.0pt
* \footskip=30.0pt
* \marginparwidth=35.0pt
* \marginparsep=10.0pt
* \columnsep=10.0pt
* \skip\footins=10.8pt plus 4.0pt minus 2.0pt
* \hoffset=0.0pt
* \voffset=0.0pt
* \mag=1000
* \@twocolumnfalse
* \@twosidefalse
* \@mparswitchfalse
* \@reversemarginfalse
* (1in=72.27pt=25.4mm, 1cm=28.453pt)

Package caption Info: Begin \AtBeginDocument code.
Package caption Info: hyperref package is loaded.
Package caption Info: End \AtBeginDocument code.
(/usr/local/texlive/2022/texmf-dist/tex/context/base/mkii/supp-pdf.mkii
[Loading MPS to PDF converter (version 2006.09.02).]
\scratchcounter=\count426
\scratchdimen=\dimen172
\scratchbox=\box53
\nofMPsegments=\count427
\nofMParguments=\count428
\everyMPshowfont=\toks24
\MPscratchCnt=\count429
\MPscratchDim=\dimen173
\MPnumerator=\count430
\makeMPintoPDFobject=\count431
\everyMPtoPDFconversion=\toks25
) (/usr/local/texlive/2022/texmf-dist/tex/latex/epstopdf-pkg/epstopdf-base.sty
Package: epstopdf-base 2020-01-24 v2.11 Base part for package epstopdf
Package epstopdf-base Info: Redefining graphics rule for `.eps' on input line 485.
 (/usr/local/texlive/2022/texmf-dist/tex/latex/latexconfig/epstopdf-sys.cfg
File: epstopdf-sys.cfg 2010/07/13 v1.3 Configuration of (r)epstopdf for TeX Live
))
Package hyperref Info: Link coloring OFF on input line 30.
 (/usr/local/texlive/2022/texmf-dist/tex/latex/hyperref/nameref.sty
Package: nameref 2021-04-02 v2.47 Cross-referencing by name of section
 (/usr/local/texlive/2022/texmf-dist/tex/latex/refcount/refcount.sty
Package: refcount 2019/12/15 v3.6 Data extraction from label references (HO)
) (/usr/local/texlive/2022/texmf-dist/tex/generic/gettitlestring/gettitlestring.sty
Package: gettitlestring 2019/12/15 v1.6 Cleanup title references (HO)
)
\c@section@level=\count432
)
LaTeX Info: Redefining \ref on input line 30.
LaTeX Info: Redefining \pageref on input line 30.
LaTeX Info: Redefining \nameref on input line 30.
 (./AminaBOUDJEDIR_rapport_Stage.out) (./AminaBOUDJEDIR_rapport_Stage.out)
\@outlinefile=\write4
\openout4 = `AminaBOUDJEDIR_rapport_Stage.out'.

Package biblatex Info: Trying to load language 'french'...
Package biblatex Info: ... file 'french.lbx' found.
 (/usr/local/texlive/2022/texmf-dist/tex/latex/biblatex/lbx/french.lbx
File: french.lbx 2022/02/02 v3.17 biblatex localization (PK/MW)
)
Package biblatex Info: Input encoding 'utf8' detected.
Package biblatex Info: Automatic encoding selection.
(biblatex)             Assuming data encoding 'utf8'.
\openout3 = `AminaBOUDJEDIR_rapport_Stage.bcf'.

Package biblatex Info: Trying to load bibliographic data...
Package biblatex Info: ... file 'AminaBOUDJEDIR_rapport_Stage.bbl' found.
 (./AminaBOUDJEDIR_rapport_Stage.bbl)
Package biblatex Info: Reference section=0 on input line 30.
Package biblatex Info: Reference segment=0 on input line 30.
<images/logo/logo_univ.png, id=84, 683.55376pt x 253.94875pt>
File: images/logo/logo_univ.png Graphic file (type png)
<use images/logo/logo_univ.png>
Package pdftex.def Info: images/logo/logo_univ.png  used on input line 39.
(pdftex.def)             Requested size: 217.66211pt x 80.86226pt.
LaTeX Font Info:    External font `cmex10' loaded for size
(Font)              <12> on input line 40.
LaTeX Font Info:    External font `cmex10' loaded for size
(Font)              <8> on input line 40.
LaTeX Font Info:    External font `cmex10' loaded for size
(Font)              <6> on input line 40.
<images/logo/logo_cnieg.png, id=86, 171.64125pt x 168.63pt>
File: images/logo/logo_cnieg.png Graphic file (type png)
<use images/logo/logo_cnieg.png>
Package pdftex.def Info: images/logo/logo_cnieg.png  used on input line 44.
(pdftex.def)             Requested size: 120.92421pt x 118.80182pt.

Underfull \hbox (badness 10000) in paragraph at lines 70--72

 []

[1

{/usr/local/texlive/2022/texmf-var/fonts/map/pdftex/updmap/pdftex.map} <./images/logo/logo_univ.png> <./images/logo/logo_cnieg.png>]
\openout2 = `remerciement.aux'.

 (./remerciement.tex)
pdfTeX warning (ext4): destination with the same identifier (name{page.1}) has been already used, duplicate ignored
<to be read again> 
                   \relax 
l.86 \include{remerciement}
                            [1


] (./AminaBOUDJEDIR_rapport_Stage.toc)
\tf@toc=\write5
\openout5 = `AminaBOUDJEDIR_rapport_Stage.toc'.

 [2


]
\openout2 = `introduction.aux'.

 (./introduction.tex [3


] [4]) [5]
\openout2 = `Contexte_travail.aux'.

 (./Contexte_travail.tex) [6




]
\openout2 = `travail_realise.aux'.

 (./travail_realise.tex
pdfTeX warning (ext4): destination with the same identifier (name{section.0.1}) has been already used, duplicate ignored
<to be read again> 
                   \relax 
l.5 \section{Technologies utilisées}
                                     
<images/logo/angular.jpeg, id=153, 271.0125pt x 187.70125pt>
File: images/logo/angular.jpeg Graphic file (type jpg)
<use images/logo/angular.jpeg>
Package pdftex.def Info: images/logo/angular.jpeg  used on input line 11.
(pdftex.def)             Requested size: 96.73788pt x 66.99957pt.
<images/logo/springBoot.png, id=154, 225.84375pt x 225.84375pt>
File: images/logo/springBoot.png Graphic file (type png)
<use images/logo/springBoot.png>
Package pdftex.def Info: images/logo/springBoot.png  used on input line 23.
(pdftex.def)             Requested size: 48.36894pt x 48.36935pt.
<images/logo/typeScript.png, id=155, 176.66pt x 175.65625pt>
File: images/logo/typeScript.png Graphic file (type png)
<use images/logo/typeScript.png>
Package pdftex.def Info: images/logo/typeScript.png  used on input line 36.
(pdftex.def)             Requested size: 38.69455pt x 38.47295pt.
<images/logo/postgres.svg.png, id=156, 1204.5pt x 1242.6425pt>
File: images/logo/postgres.svg.png Graphic file (type png)
<use images/logo/postgres.svg.png>
Package pdftex.def Info: images/logo/postgres.svg.png  used on input line 48.
(pdftex.def)             Requested size: 48.36894pt x 49.88684pt.
<images/logo/ittelij.jpg, id=157, 903.375pt x 803.0pt>
File: images/logo/ittelij.jpg Graphic file (type jpg)
<use images/logo/ittelij.jpg>
Package pdftex.def Info: images/logo/ittelij.jpg  used on input line 60.
(pdftex.def)             Requested size: 48.36894pt x 42.98274pt.
<images/logo/flyway.png, id=158, 407.5225pt x 542.025pt>
File: images/logo/flyway.png Graphic file (type png)
<use images/logo/flyway.png>
Package pdftex.def Info: images/logo/flyway.png  used on input line 72.
(pdftex.def)             Requested size: 33.85884pt x 45.03354pt.
<images/logo/maven.png, id=159, 176.66pt x 178.6675pt>
File: images/logo/maven.png Graphic file (type png)
<use images/logo/maven.png>
Package pdftex.def Info: images/logo/maven.png  used on input line 84.
(pdftex.def)             Requested size: 48.36894pt x 48.91696pt.
 [7




 <./images/logo/angular.jpeg> <./images/logo/springBoot.png> <./images/logo/typeScript.png> <./images/logo/postgres.svg.png> <./images/logo/ittelij.jpg> <./images/logo/flyway.png> <./images/logo/maven.png>]
pdfTeX warning (ext4): destination with the same identifier (name{section.0.2}) has been already used, duplicate ignored
<to be read again> 
                   \relax 
l.94 \section{Architecture}
                           
<images/diagramme/archi.png, id=170, 752.8125pt x 393.47pt>
File: images/diagramme/archi.png Graphic file (type png)
<use images/diagramme/archi.png>
Package pdftex.def Info: images/diagramme/archi.png  used on input line 100.
(pdftex.def)             Requested size: 386.95897pt x 202.25806pt.
 [8 <./images/diagramme/archi.png>]
<images/code/composant.png, id=178, 425.59pt x 752.8125pt>
File: images/code/composant.png Graphic file (type png)
<use images/code/composant.png>
Package pdftex.def Info: images/code/composant.png  used on input line 139.
(pdftex.def)             Requested size: 241.84843pt x 427.79807pt.
 [9 <./images/code/composant.png>]
<images/diagramme/casUtilisation1.png, id=185, 632.3625pt x 345.29pt>
File: images/diagramme/casUtilisation1.png Graphic file (type png)
<use images/diagramme/casUtilisation1.png>
Package pdftex.def Info: images/diagramme/casUtilisation1.png  used on input line 184.
(pdftex.def)             Requested size: 386.95897pt x 211.2957pt.


LaTeX Warning: `!h' float specifier changed to `!ht'.

[10]
<images/diagramme/activite.png, id=190, 813.0375pt x 414.54875pt>
File: images/diagramme/activite.png Graphic file (type png)
<use images/diagramme/activite.png>
Package pdftex.def Info: images/diagramme/activite.png  used on input line 195.
(pdftex.def)             Requested size: 435.32422pt x 221.96165pt.
<images/diagramme/cllasse.png, id=191, 720.6925pt x 435.6275pt>
File: images/diagramme/cllasse.png Graphic file (type png)
<use images/diagramme/cllasse.png>
Package pdftex.def Info: images/diagramme/cllasse.png  used on input line 206.
(pdftex.def)             Requested size: 435.32422pt x 263.13336pt.
 [11 <./images/diagramme/casUtilisation1.png> <./images/diagramme/activite.png>]
<images/code/avisEntity.png, id=200, 604.2575pt x 435.6275pt>
File: images/code/avisEntity.png Graphic file (type png)
<use images/code/avisEntity.png>
Package pdftex.def Info: images/code/avisEntity.png  used on input line 227.
(pdftex.def)             Requested size: 386.95897pt x 278.96683pt.
 [12 <./images/diagramme/cllasse.png>]
<images/code/AvisDTO.png, id=208, 775.89874pt x 123.46124pt>
File: images/code/AvisDTO.png Graphic file (type png)
<use images/code/AvisDTO.png>
Package pdftex.def Info: images/code/AvisDTO.png  used on input line 256.
(pdftex.def)             Requested size: 386.95897pt x 61.5741pt.
 [13 <./images/code/avisEntity.png> <./images/code/AvisDTO.png>]
<images/code/DAOAvis.png, id=217, 604.2575pt x 159.59625pt>
File: images/code/DAOAvis.png Graphic file (type png)
<use images/code/DAOAvis.png>
Package pdftex.def Info: images/code/DAOAvis.png  used on input line 266.
(pdftex.def)             Requested size: 386.95897pt x 102.20212pt.
<images/code/avisService.png, id=218, 736.7525pt x 585.18625pt>
File: images/code/avisService.png Graphic file (type png)
<use images/code/avisService.png>
Package pdftex.def Info: images/code/avisService.png  used on input line 276.
(pdftex.def)             Requested size: 386.95897pt x 307.35239pt.
 [14 <./images/code/DAOAvis.png> <./images/code/avisService.png>]
<images/code/controlleurAvis.PNG, id=227, 725.71124pt x 509.65407pt>
File: images/code/controlleurAvis.PNG Graphic file (type png)
<use images/code/controlleurAvis.PNG>
Package pdftex.def Info: images/code/controlleurAvis.PNG  used on input line 294.
(pdftex.def)             Requested size: 386.95897pt x 271.75624pt.
) [15 <./images/code/controlleurAvis.PNG>]
\openout2 = `bilan_conclusion_perspective.aux'.

 (./bilan_conclusion_perspective.tex) [16




]
\openout2 = `glossaire.aux'.

 (./glossaire.tex
Overfull \hbox (17.62482pt too wide) in paragraph at lines 4--12
[]$[]$ 
 []


Overfull \hbox (17.62482pt too wide) in paragraph at lines 15--23
[]$[]$ 
 []


Overfull \hbox (17.62482pt too wide) in paragraph at lines 26--34
[]$[]$ 
 []


Overfull \hbox (17.62482pt too wide) in paragraph at lines 37--45
[]$[]$ 
 []


Overfull \hbox (17.62482pt too wide) in paragraph at lines 48--56
[]$[]$ 
 []


Overfull \hbox (17.62482pt too wide) in paragraph at lines 59--67
[]$[]$ 
 []


Overfull \hbox (17.62482pt too wide) in paragraph at lines 70--78
[]$[]$ 
 []


Overfull \hbox (17.62482pt too wide) in paragraph at lines 81--89
[]$[]$ 
 []


Overfull \hbox (17.62482pt too wide) in paragraph at lines 92--100
[]$[]$ 
 []


Overfull \hbox (18.27077pt too wide) in paragraph at lines 105--106
[]\T1/cmr/bx/n/12 (-20) Kubernetes 
 []


Overfull \hbox (17.62482pt too wide) in paragraph at lines 103--111
[]$[]$ 
 []


Overfull \hbox (17.62482pt too wide) in paragraph at lines 114--122
[]$[]$ 
 []


Overfull \hbox (17.62482pt too wide) in paragraph at lines 125--133
[]$[]$ 
 []


Overfull \hbox (15.52962pt too wide) in paragraph at lines 138--139
[]\T1/cmr/bx/n/12 (-20) Framework 
 []


Overfull \hbox (17.62482pt too wide) in paragraph at lines 136--144
[]$[]$ 
 []

[17




]
Overfull \hbox (17.62482pt too wide) in paragraph at lines 147--155
[]$[]$ 
 []


Overfull \hbox (17.62482pt too wide) in paragraph at lines 158--166
[]$[]$ 
 []


Overfull \hbox (17.62482pt too wide) in paragraph at lines 169--177
[]$[]$ 
 []


Overfull \hbox (17.62482pt too wide) in paragraph at lines 180--188
[]$[]$ 
 []


Overfull \hbox (17.62482pt too wide) in paragraph at lines 191--199
[]$[]$ 
 []


Overfull \hbox (17.62482pt too wide) in paragraph at lines 202--210
[]$[]$ 
 []


Overfull \hbox (17.62482pt too wide) in paragraph at lines 213--221
[]$[]$ 
 []


Overfull \hbox (17.62482pt too wide) in paragraph at lines 224--232
[]$[]$ 
 []

)
Overfull \hbox (17.62482pt too wide) in paragraph at lines 235--97
[]$[]$ 
 []

[18] (./AminaBOUDJEDIR_rapport_Stage.lof)
\tf@lof=\write6
\openout6 = `AminaBOUDJEDIR_rapport_Stage.lof'.

 [19


]
\openout2 = `bibliographie.aux'.

 (./bibliographie.tex)
LaTeX Font Info:    Trying to load font information for T1+cmtt on input line 4.
 (/usr/local/texlive/2022/texmf-dist/tex/latex/base/t1cmtt.fd
File: t1cmtt.fd 2019/12/16 v2.5j Standard LaTeX font definitions
)
Package microtype Info: Loading generic protrusion settings for font family
(microtype)             `cmtt' (encoding: T1).
(microtype)             For optimal results, create family-specific settings.
(microtype)             See the microtype manual for details.

Overfull \hbox (2.65273pt too wide) in paragraph at lines 103--103
[]\T1/cmr/m/n/12 (-20) Guide Spring []\T1/cmr/m/sc/12 (-20) Boot[]\T1/cmr/m/n/12 (-20) . []$\T1/cmtt/m/n/12 https : / / docs . spring . io / spring -[] boot / docs / current / reference /
 []

[20


]
\openout2 = `annexe.aux'.

 (./annexe.tex
<images/fenetres/accueil.png, id=295, 1445.4pt x 903.375pt>
File: images/fenetres/accueil.png Graphic file (type png)
<use images/fenetres/accueil.png>
Package pdftex.def Info: images/fenetres/accueil.png  used on input line 10.
(pdftex.def)             Requested size: 483.69687pt x 302.30511pt.
 [21




 <./images/fenetres/accueil.png>]
<images/fenetres/AjouterAvis.png, id=303, 1445.4pt x 903.375pt>
File: images/fenetres/AjouterAvis.png Graphic file (type png)
<use images/fenetres/AjouterAvis.png>
Package pdftex.def Info: images/fenetres/AjouterAvis.png  used on input line 22.
(pdftex.def)             Requested size: 483.69687pt x 302.30511pt.
 [22 <./images/fenetres/AjouterAvis.png>]
<images/fenetres/rechercheAvis.png, id=310, 1445.4pt x 903.375pt>
File: images/fenetres/rechercheAvis.png Graphic file (type png)
<use images/fenetres/rechercheAvis.png>
Package pdftex.def Info: images/fenetres/rechercheAvis.png  used on input line 34.
(pdftex.def)             Requested size: 483.69687pt x 302.30511pt.
 [23 <./images/fenetres/rechercheAvis.png>]
<images/fenetres/DetailsAvis.png, id=317, 1445.4pt x 903.375pt>
File: images/fenetres/DetailsAvis.png Graphic file (type png)
<use images/fenetres/DetailsAvis.png>
Package pdftex.def Info: images/fenetres/DetailsAvis.png  used on input line 46.
(pdftex.def)             Requested size: 483.69687pt x 302.30511pt.
) [24 <./images/fenetres/DetailsAvis.png>] (./AminaBOUDJEDIR_rapport_Stage.aux (./remerciement.aux) (./introduction.aux) (./Contexte_travail.aux) (./travail_realise.aux) (./bilan_conclusion_perspective.aux) (./glossaire.aux) (./bibliographie.aux) (./annexe.aux))
Package rerunfilecheck Info: File `AminaBOUDJEDIR_rapport_Stage.out' has not changed.
(rerunfilecheck)             Checksum: B90D98A7E561F1B315DB47416510106A;3245.
Package logreq Info: Writing requests to 'AminaBOUDJEDIR_rapport_Stage.run.xml'.
\openout1 = `AminaBOUDJEDIR_rapport_Stage.run.xml'.

 ) 
Here is how much of TeX's memory you used:
 23271 strings out of 478268
 420370 string characters out of 5846347
 1266482 words of memory out of 5000000
 40943 multiletter control sequences out of 15000+600000
 484868 words of font info for 117 fonts, out of 8000000 for 9000
 1141 hyphenation exceptions out of 8191
 68i,8n,77p,1082b,1842s stack positions out of 10000i,1000n,20000p,200000b,200000s
{/usr/local/texlive/2022/texmf-dist/fonts/enc/dvips/cm-super/cm-super-t1.enc}</usr/local/texlive/2022/texmf-dist/fonts/type1/public/cm-super/sfbx1200.pfb></usr/local/texlive/2022/texmf-dist/fonts/type1/public/cm-super/sfbx1440.pfb></usr/local/texlive/2022/texmf-dist/fonts/type1/public/cm-super/sfbx1728.pfb></usr/local/texlive/2022/texmf-dist/fonts/type1/public/cm-super/sfbx2488.pfb></usr/local/texlive/2022/texmf-dist/fonts/type1/public/cm-super/sfcc1200.pfb></usr/local/texlive/2022/texmf-dist/fonts/type1/public/cm-super/sfcc2074.pfb></usr/local/texlive/2022/texmf-dist/fonts/type1/public/cm-super/sfrm1200.pfb></usr/local/texlive/2022/texmf-dist/fonts/type1/public/cm-super/sfrm1728.pfb></usr/local/texlive/2022/texmf-dist/fonts/type1/public/cm-super/sfti1200.pfb></usr/local/texlive/2022/texmf-dist/fonts/type1/public/cm-super/sftt1200.pfb>
Output written on AminaBOUDJEDIR_rapport_Stage.pdf (25 pages, 1814869 bytes).
PDF statistics:
 388 PDF objects out of 1000 (max. 8388607)
 294 compressed objects within 3 object streams
 76 named destinations out of 1000 (max. 500000)
 29468 words of extra memory for PDF output out of 29859 (max. 10000000)

